# JRE version: OpenJDK Runtime Environment (8.0_222-b10) (build 1.8.0_222-8u222-b10-1ubuntu1~18.04.1-b10)
# Java VM: OpenJDK 64-Bit Server VM (25.222-b10 mixed mode linux-amd64 compressed oops)
Heap:
 def new generation   total 5376K, used 1631K [0x00000000f0800000, 0x00000000f0dd0000, 0x00000000f5aa0000)
  eden space 4800K,  21% used [0x00000000f0800000, 0x00000000f0907fd8, 0x00000000f0cb0000)
  from space 576K,  99% used [0x00000000f0cb0000, 0x00000000f0d3fff0, 0x00000000f0d40000)
  to   space 576K,   0% used [0x00000000f0d40000, 0x00000000f0d40000, 0x00000000f0dd0000)
 tenured generation   total 11848K, used 10849K [0x00000000f5aa0000, 0x00000000f6632000, 0x0000000100000000)
   the space 11848K,  91% used [0x00000000f5aa0000, 0x00000000f65386f8, 0x00000000f6538800, 0x00000000f6632000)
 Metaspace       used 25102K, capacity 25444K, committed 25728K, reserved 1071104K
  class space    used 3078K, capacity 3188K, committed 3200K, reserved 1048576K
GC Heap History (10 events):
Event: 33.846 GC heap before
{Heap before GC invocations=41 (full 1):
 def new generation   total 5376K, used 5344K [0x00000000f0800000, 0x00000000f0dd0000, 0x00000000f5aa0000)
  eden space 4800K, 100% used [0x00000000f0800000, 0x00000000f0cb0000, 0x00000000f0cb0000)
  from space 576K,  94% used [0x00000000f0d40000, 0x00000000f0dc83e0, 0x00000000f0dd0000)
  to   space 576K,   0% used [0x00000000f0cb0000, 0x00000000f0cb0000, 0x00000000f0d40000)
 tenured generation   total 11848K, used 8667K [0x00000000f5aa0000, 0x00000000f6632000, 0x0000000100000000)
   the space 11848K,  73% used [0x00000000f5aa0000, 0x00000000f6316d40, 0x00000000f6316e00, 0x00000000f6632000)
 Metaspace       used 23599K, capacity 23922K, committed 24064K, reserved 1071104K
  class space    used 2918K, capacity 3025K, committed 3072K, reserved 1048576K
Event: 33.881 GC heap after
Heap after GC invocations=42 (full 1):
 def new generation   total 5376K, used 398K [0x00000000f0800000, 0x00000000f0dd0000, 0x00000000f5aa0000)
  eden space 4800K,   0% used [0x00000000f0800000, 0x00000000f0800000, 0x00000000f0cb0000)
  from space 576K,  69% used [0x00000000f0cb0000, 0x00000000f0d13938, 0x00000000f0d40000)
  to   space 576K,   0% used [0x00000000f0d40000, 0x00000000f0d40000, 0x00000000f0dd0000)
 tenured generation   total 11848K, used 9010K [0x00000000f5aa0000, 0x00000000f6632000, 0x0000000100000000)
   the space 11848K,  76% used [0x00000000f5aa0000, 0x00000000f636cb00, 0x00000000f636cc00, 0x00000000f6632000)
 Metaspace       used 23599K, capacity 23922K, committed 24064K, reserved 1071104K
  class space    used 2918K, capacity 3025K, committed 3072K, reserved 1048576K
}
Event: 36.007 GC heap before
{Heap before GC invocations=42 (full 1):
 def new generation   total 5376K, used 5198K [0x00000000f0800000, 0x00000000f0dd0000, 0x00000000f5aa0000)
  eden space 4800K, 100% used [0x00000000f0800000, 0x00000000f0cb0000, 0x00000000f0cb0000)
  from space 576K,  69% used [0x00000000f0cb0000, 0x00000000f0d13938, 0x00000000f0d40000)
  to   space 576K,   0% used [0x00000000f0d40000, 0x00000000f0d40000, 0x00000000f0dd0000)
 tenured generation   total 11848K, used 9010K [0x00000000f5aa0000, 0x00000000f6632000, 0x0000000100000000)
   the space 11848K,  76% used [0x00000000f5aa0000, 0x00000000f636cb00, 0x00000000f636cc00, 0x00000000f6632000)
 Metaspace       used 23660K, capacity 23986K, committed 24320K, reserved 1071104K
  class space    used 2928K, capacity 3025K, committed 3072K, reserved 1048576K
Event: 36.050 GC heap after
Heap after GC invocations=43 (full 1):
 def new generation   total 5376K, used 231K [0x00000000f0800000, 0x00000000f0dd0000, 0x00000000f5aa0000)
  eden space 4800K,   0% used [0x00000000f0800000, 0x00000000f0800000, 0x00000000f0cb0000)
  from space 576K,  40% used [0x00000000f0d40000, 0x00000000f0d79f88, 0x00000000f0dd0000)
  to   space 576K,   0% used [0x00000000f0cb0000, 0x00000000f0cb0000, 0x00000000f0d40000)
 tenured generation   total 11848K, used 9274K [0x00000000f5aa0000, 0x00000000f6632000, 0x0000000100000000)
   the space 11848K,  78% used [0x00000000f5aa0000, 0x00000000f63aeae8, 0x00000000f63aec00, 0x00000000f6632000)
 Metaspace       used 23660K, capacity 23986K, committed 24320K, reserved 1071104K
  class space    used 2928K, capacity 3025K, committed 3072K, reserved 1048576K
}
Event: 38.405 GC heap before
{Heap before GC invocations=43 (full 1):
 def new generation   total 5376K, used 5031K [0x00000000f0800000, 0x00000000f0dd0000, 0x00000000f5aa0000)
  eden space 4800K, 100% used [0x00000000f0800000, 0x00000000f0cb0000, 0x00000000f0cb0000)
  from space 576K,  40% used [0x00000000f0d40000, 0x00000000f0d79f88, 0x00000000f0dd0000)
  to   space 576K,   0% used [0x00000000f0cb0000, 0x00000000f0cb0000, 0x00000000f0d40000)
 tenured generation   total 11848K, used 9274K [0x00000000f5aa0000, 0x00000000f6632000, 0x0000000100000000)
   the space 11848K,  78% used [0x00000000f5aa0000, 0x00000000f63aeae8, 0x00000000f63aec00, 0x00000000f6632000)
 Metaspace       used 23663K, capacity 23986K, committed 24320K, reserved 1071104K
  class space    used 2928K, capacity 3025K, committed 3072K, reserved 1048576K
Event: 38.493 GC heap after
Heap after GC invocations=44 (full 1):
 def new generation   total 5376K, used 576K [0x00000000f0800000, 0x00000000f0dd0000, 0x00000000f5aa0000)
  eden space 4800K,   0% used [0x00000000f0800000, 0x00000000f0800000, 0x00000000f0cb0000)
  from space 576K, 100% used [0x00000000f0cb0000, 0x00000000f0d40000, 0x00000000f0d40000)
  to   space 576K,   0% used [0x00000000f0d40000, 0x00000000f0d40000, 0x00000000f0dd0000)
 tenured generation   total 11848K, used 9475K [0x00000000f5aa0000, 0x00000000f6632000, 0x0000000100000000)
   the space 11848K,  79% used [0x00000000f5aa0000, 0x00000000f63e0f68, 0x00000000f63e1000, 0x00000000f6632000)
 Metaspace       used 23663K, capacity 23986K, committed 24320K, reserved 1071104K
  class space    used 2928K, capacity 3025K, committed 3072K, reserved 1048576K
}
Event: 40.510 GC heap before
{Heap before GC invocations=44 (full 1):
 def new generation   total 5376K, used 5376K [0x00000000f0800000, 0x00000000f0dd0000, 0x00000000f5aa0000)
  eden space 4800K, 100% used [0x00000000f0800000, 0x00000000f0cb0000, 0x00000000f0cb0000)
  from space 576K, 100% used [0x00000000f0cb0000, 0x00000000f0d40000, 0x00000000f0d40000)
  to   space 576K,   0% used [0x00000000f0d40000, 0x00000000f0d40000, 0x00000000f0dd0000)
 tenured generation   total 11848K, used 9475K [0x00000000f5aa0000, 0x00000000f6632000, 0x0000000100000000)
   the space 11848K,  79% used [0x00000000f5aa0000, 0x00000000f63e0f68, 0x00000000f63e1000, 0x00000000f6632000)
 Metaspace       used 24186K, capacity 24466K, committed 24576K, reserved 1071104K
  class space    used 2973K, capacity 3057K, committed 3072K, reserved 1048576K
Event: 40.527 GC heap after
Heap after GC invocations=45 (full 1):
 def new generation   total 5376K, used 575K [0x00000000f0800000, 0x00000000f0dd0000, 0x00000000f5aa0000)
  eden space 4800K,   0% used [0x00000000f0800000, 0x00000000f0800000, 0x00000000f0cb0000)
  from space 576K,  99% used [0x00000000f0d40000, 0x00000000f0dcfff0, 0x00000000f0dd0000)
  to   space 576K,   0% used [0x00000000f0cb0000, 0x00000000f0cb0000, 0x00000000f0d40000)
 tenured generation   total 11848K, used 10268K [0x00000000f5aa0000, 0x00000000f6632000, 0x0000000100000000)
   the space 11848K,  86% used [0x00000000f5aa0000, 0x00000000f64a7188, 0x00000000f64a7200, 0x00000000f6632000)
 Metaspace       used 24186K, capacity 24466K, committed 24576K, reserved 1071104K
  class space    used 2973K, capacity 3057K, committed 3072K, reserved 1048576K
}
Event: 44.314 GC heap before
{Heap before GC invocations=45 (full 1):
 def new generation   total 5376K, used 5375K [0x00000000f0800000, 0x00000000f0dd0000, 0x00000000f5aa0000)
  eden space 4800K, 100% used [0x00000000f0800000, 0x00000000f0cb0000, 0x00000000f0cb0000)
  from space 576K,  99% used [0x00000000f0d40000, 0x00000000f0dcfff0, 0x00000000f0dd0000)
  to   space 576K,   0% used [0x00000000f0cb0000, 0x00000000f0cb0000, 0x00000000f0d40000)
 tenured generation   total 11848K, used 10268K [0x00000000f5aa0000, 0x00000000f6632000, 0x0000000100000000)
   the space 11848K,  86% used [0x00000000f5aa0000, 0x00000000f64a7188, 0x00000000f64a7200, 0x00000000f6632000)
 Metaspace       used 24965K, capacity 25278K, committed 25472K, reserved 1071104K
  class space    used 3062K, capacity 3155K, committed 3200K, reserved 1048576K
Event: 44.339 GC heap after
Heap after GC invocations=46 (full 1):
 def new generation   total 5376K, used 575K [0x00000000f0800000, 0x00000000f0dd0000, 0x00000000f5aa0000)
  eden space 4800K,   0% used [0x00000000f0800000, 0x00000000f0800000, 0x00000000f0cb0000)
  from space 576K,  99% used [0x00000000f0cb0000, 0x00000000f0d3fff0, 0x00000000f0d40000)
  to   space 576K,   0% used [0x00000000f0d40000, 0x00000000f0d40000, 0x00000000f0dd0000)
 tenured generation   total 11848K, used 10849K [0x00000000f5aa0000, 0x00000000f6632000, 0x0000000100000000)
   the space 11848K,  91% used [0x00000000f5aa0000, 0x00000000f65386f8, 0x00000000f6538800, 0x00000000f6632000)
 Metaspace       used 24965K, capacity 25278K, committed 25472K, reserved 1071104K
  class space    used 3062K, capacity 3155K, committed 3200K, reserved 1048576K
}

