<?xml version="1.0" encoding="UTF-8" ?>
<testsuite errors="0" failures="0" hostname="fiscobcos-VirtualBox" name="ImageProcessorTest" skipped="0" tests="4" time="4.193" timestamp="2019-11-18T11:40:24">
  <properties>
[...]
</properties>
  <testcase classname="ImageProcessorTest" name="test1" time="1.449" />
  <testcase classname="ImageProcessorTest" name="test2" time="0.929" />
  <testcase classname="ImageProcessorTest" name="test3" time="1.186" />
  <testcase classname="ImageProcessorTest" name="test4" time="0.546" />
  <system-out><![CDATA[]]></system-out>
  <system-err><![CDATA[]]></system-err>
</testsuite>
